Compiling the CXX compiler identification source file "CMakeCXXCompilerId.cpp" failed.
Compiler: CMAKE_CXX_COMPILER-NOTFOUND 
Build flags: 
Id flags: 

The output was:
No such file or directory


Compiling the CXX compiler identification source file "CMakeCXXCompilerId.cpp" failed.
Compiler: CMAKE_CXX_COMPILER-NOTFOUND 
Build flags: 
Id flags: -c

The output was:
No such file or directory


Checking whether the CXX compiler is IAR using "" did not match "IAR .+ Compiler":
Determining if the pthread_create exist failed with the following output:
<<<<<<< HEAD
Change Dir: /home/ubuntu/ProjectX/ROS/build/CMakeFiles/CMakeTmp

Run Build Command:/usr/bin/make "cmTryCompileExec3638203480/fast"
/usr/bin/make -f CMakeFiles/cmTryCompileExec3638203480.dir/build.make CMakeFiles/cmTryCompileExec3638203480.dir/build
make[1]: Entering directory `/home/ubuntu/ProjectX/ROS/build/CMakeFiles/CMakeTmp'
/usr/bin/cmake -E cmake_progress_report /home/ubuntu/ProjectX/ROS/build/CMakeFiles/CMakeTmp/CMakeFiles 1
Building C object CMakeFiles/cmTryCompileExec3638203480.dir/CheckSymbolExists.c.o
/usr/bin/cc    -o CMakeFiles/cmTryCompileExec3638203480.dir/CheckSymbolExists.c.o   -c /home/ubuntu/ProjectX/ROS/build/CMakeFiles/CMakeTmp/CheckSymbolExists.c
Linking C executable cmTryCompileExec3638203480
/usr/bin/cmake -E cmake_link_script CMakeFiles/cmTryCompileExec3638203480.dir/link.txt --verbose=1
/usr/bin/cc       CMakeFiles/cmTryCompileExec3638203480.dir/CheckSymbolExists.c.o  -o cmTryCompileExec3638203480 -rdynamic 
CMakeFiles/cmTryCompileExec3638203480.dir/CheckSymbolExists.c.o: In function `main':
CheckSymbolExists.c:(.text+0xe): undefined reference to `pthread_create'
CheckSymbolExists.c:(.text+0x12): undefined reference to `pthread_create'
collect2: error: ld returned 1 exit status
make[1]: Leaving directory `/home/ubuntu/ProjectX/ROS/build/CMakeFiles/CMakeTmp'
make[1]: *** [cmTryCompileExec3638203480] Error 1
make: *** [cmTryCompileExec3638203480/fast] Error 2

File /home/ubuntu/ProjectX/ROS/build/CMakeFiles/CMakeTmp/CheckSymbolExists.c:
=======
Change Dir: /home/kaaninan/ProjectX/ROS/build/CMakeFiles/CMakeTmp

Run Build Command:/usr/bin/make "cmTryCompileExec2344939780/fast"
/usr/bin/make -f CMakeFiles/cmTryCompileExec2344939780.dir/build.make CMakeFiles/cmTryCompileExec2344939780.dir/build
make[1]: Entering directory `/home/kaaninan/ProjectX/ROS/build/CMakeFiles/CMakeTmp'
/usr/bin/cmake -E cmake_progress_report /home/kaaninan/ProjectX/ROS/build/CMakeFiles/CMakeTmp/CMakeFiles 1
Building C object CMakeFiles/cmTryCompileExec2344939780.dir/CheckSymbolExists.c.o
/usr/bin/cc    -o CMakeFiles/cmTryCompileExec2344939780.dir/CheckSymbolExists.c.o   -c /home/kaaninan/ProjectX/ROS/build/CMakeFiles/CMakeTmp/CheckSymbolExists.c
Linking C executable cmTryCompileExec2344939780
/usr/bin/cmake -E cmake_link_script CMakeFiles/cmTryCompileExec2344939780.dir/link.txt --verbose=1
/usr/bin/cc       CMakeFiles/cmTryCompileExec2344939780.dir/CheckSymbolExists.c.o  -o cmTryCompileExec2344939780 -rdynamic 
CMakeFiles/cmTryCompileExec2344939780.dir/CheckSymbolExists.c.o: In function `main':
CheckSymbolExists.c:(.text+0x16): undefined reference to `pthread_create'
collect2: error: ld returned 1 exit status
make[1]: *** [cmTryCompileExec2344939780] Error 1
make[1]: Leaving directory `/home/kaaninan/ProjectX/ROS/build/CMakeFiles/CMakeTmp'
make: *** [cmTryCompileExec2344939780/fast] Error 2

File /home/kaaninan/ProjectX/ROS/build/CMakeFiles/CMakeTmp/CheckSymbolExists.c:
>>>>>>> develop
/* */
#include <pthread.h>

int main(int argc, char** argv)
{
  (void)argv;
#ifndef pthread_create
  return ((int*)(&pthread_create))[argc];
#else
  (void)argc;
  return 0;
#endif
}

Determining if the function pthread_create exists in the pthreads failed with the following output:
<<<<<<< HEAD
Change Dir: /home/ubuntu/ProjectX/ROS/build/CMakeFiles/CMakeTmp

Run Build Command:/usr/bin/make "cmTryCompileExec422723024/fast"
/usr/bin/make -f CMakeFiles/cmTryCompileExec422723024.dir/build.make CMakeFiles/cmTryCompileExec422723024.dir/build
make[1]: Entering directory `/home/ubuntu/ProjectX/ROS/build/CMakeFiles/CMakeTmp'
/usr/bin/cmake -E cmake_progress_report /home/ubuntu/ProjectX/ROS/build/CMakeFiles/CMakeTmp/CMakeFiles 1
Building C object CMakeFiles/cmTryCompileExec422723024.dir/CheckFunctionExists.c.o
/usr/bin/cc   -DCHECK_FUNCTION_EXISTS=pthread_create   -o CMakeFiles/cmTryCompileExec422723024.dir/CheckFunctionExists.c.o   -c /usr/share/cmake-2.8/Modules/CheckFunctionExists.c
Linking C executable cmTryCompileExec422723024
/usr/bin/cmake -E cmake_link_script CMakeFiles/cmTryCompileExec422723024.dir/link.txt --verbose=1
/usr/bin/cc   -DCHECK_FUNCTION_EXISTS=pthread_create    CMakeFiles/cmTryCompileExec422723024.dir/CheckFunctionExists.c.o  -o cmTryCompileExec422723024 -rdynamic -lpthreads 
/usr/bin/ld: cannot find -lpthreads
collect2: error: ld returned 1 exit status
make[1]: Leaving directory `/home/ubuntu/ProjectX/ROS/build/CMakeFiles/CMakeTmp'
make[1]: *** [cmTryCompileExec422723024] Error 1
make: *** [cmTryCompileExec422723024/fast] Error 2
=======
Change Dir: /home/kaaninan/ProjectX/ROS/build/CMakeFiles/CMakeTmp

Run Build Command:/usr/bin/make "cmTryCompileExec3242333465/fast"
/usr/bin/make -f CMakeFiles/cmTryCompileExec3242333465.dir/build.make CMakeFiles/cmTryCompileExec3242333465.dir/build
make[1]: Entering directory `/home/kaaninan/ProjectX/ROS/build/CMakeFiles/CMakeTmp'
/usr/bin/cmake -E cmake_progress_report /home/kaaninan/ProjectX/ROS/build/CMakeFiles/CMakeTmp/CMakeFiles 1
Building C object CMakeFiles/cmTryCompileExec3242333465.dir/CheckFunctionExists.c.o
/usr/bin/cc   -DCHECK_FUNCTION_EXISTS=pthread_create   -o CMakeFiles/cmTryCompileExec3242333465.dir/CheckFunctionExists.c.o   -c /usr/share/cmake-2.8/Modules/CheckFunctionExists.c
Linking C executable cmTryCompileExec3242333465
/usr/bin/cmake -E cmake_link_script CMakeFiles/cmTryCompileExec3242333465.dir/link.txt --verbose=1
/usr/bin/cc   -DCHECK_FUNCTION_EXISTS=pthread_create    CMakeFiles/cmTryCompileExec3242333465.dir/CheckFunctionExists.c.o  -o cmTryCompileExec3242333465 -rdynamic -lpthreads 
/usr/bin/ld: cannot find -lpthreads
collect2: error: ld returned 1 exit status
make[1]: *** [cmTryCompileExec3242333465] Error 1
make[1]: Leaving directory `/home/kaaninan/ProjectX/ROS/build/CMakeFiles/CMakeTmp'
make: *** [cmTryCompileExec3242333465/fast] Error 2
>>>>>>> develop


