Determining if the pthread_create exist failed with the following output:
Change Dir: /home/rock/catkin-ws/src/rososc/teleop_handler/build/CMakeFiles/CMakeTmp

Run Build Command:/usr/bin/make "cmTryCompileExec1295386205/fast"
make[1]: Entering directory `/home/rock/catkin-ws/src/rososc/teleop_handler/build/CMakeFiles/CMakeTmp'
/usr/bin/make -f CMakeFiles/cmTryCompileExec1295386205.dir/build.make CMakeFiles/cmTryCompileExec1295386205.dir/build
make[2]: Entering directory `/home/rock/catkin-ws/src/rososc/teleop_handler/build/CMakeFiles/CMakeTmp'
/usr/bin/cmake -E cmake_progress_report /home/rock/catkin-ws/src/rososc/teleop_handler/build/CMakeFiles/CMakeTmp/CMakeFiles 1
Building C object CMakeFiles/cmTryCompileExec1295386205.dir/CheckSymbolExists.c.o
/usr/bin/cc    -o CMakeFiles/cmTryCompileExec1295386205.dir/CheckSymbolExists.c.o   -c /home/rock/catkin-ws/src/rososc/teleop_handler/build/CMakeFiles/CMakeTmp/CheckSymbolExists.c
Linking C executable cmTryCompileExec1295386205
/usr/bin/cmake -E cmake_link_script CMakeFiles/cmTryCompileExec1295386205.dir/link.txt --verbose=1
/usr/bin/cc       CMakeFiles/cmTryCompileExec1295386205.dir/CheckSymbolExists.c.o  -o cmTryCompileExec1295386205 -rdynamic 
CMakeFiles/cmTryCompileExec1295386205.dir/CheckSymbolExists.c.o: In function `main':
CheckSymbolExists.c:(.text+0xe): undefined reference to `pthread_create'
CheckSymbolExists.c:(.text+0x12): undefined reference to `pthread_create'
collect2: error: ld returned 1 exit status
make[2]: Leaving directory `/home/rock/catkin-ws/src/rososc/teleop_handler/build/CMakeFiles/CMakeTmp'
make[2]: *** [cmTryCompileExec1295386205] Error 1
make[1]: Leaving directory `/home/rock/catkin-ws/src/rososc/teleop_handler/build/CMakeFiles/CMakeTmp'
make[1]: *** [cmTryCompileExec1295386205/fast] Error 2

File /home/rock/catkin-ws/src/rososc/teleop_handler/build/CMakeFiles/CMakeTmp/CheckSymbolExists.c:
/* */
#include <pthread.h>

int main(int argc, char** argv)
{
  (void)argv;
#ifndef pthread_create
  return ((int*)(&pthread_create))[argc];
#else
  (void)argc;
  return 0;
#endif
}

Determining if the function pthread_create exists in the pthreads failed with the following output:
Change Dir: /home/rock/catkin-ws/src/rososc/teleop_handler/build/CMakeFiles/CMakeTmp

Run Build Command:/usr/bin/make "cmTryCompileExec1423723066/fast"
make[1]: Entering directory `/home/rock/catkin-ws/src/rososc/teleop_handler/build/CMakeFiles/CMakeTmp'
/usr/bin/make -f CMakeFiles/cmTryCompileExec1423723066.dir/build.make CMakeFiles/cmTryCompileExec1423723066.dir/build
make[2]: Entering directory `/home/rock/catkin-ws/src/rososc/teleop_handler/build/CMakeFiles/CMakeTmp'
/usr/bin/cmake -E cmake_progress_report /home/rock/catkin-ws/src/rososc/teleop_handler/build/CMakeFiles/CMakeTmp/CMakeFiles 1
Building C object CMakeFiles/cmTryCompileExec1423723066.dir/CheckFunctionExists.c.o
/usr/bin/cc   -DCHECK_FUNCTION_EXISTS=pthread_create   -o CMakeFiles/cmTryCompileExec1423723066.dir/CheckFunctionExists.c.o   -c /usr/share/cmake-2.8/Modules/CheckFunctionExists.c
Linking C executable cmTryCompileExec1423723066
/usr/bin/cmake -E cmake_link_script CMakeFiles/cmTryCompileExec1423723066.dir/link.txt --verbose=1
/usr/bin/cc   -DCHECK_FUNCTION_EXISTS=pthread_create    CMakeFiles/cmTryCompileExec1423723066.dir/CheckFunctionExists.c.o  -o cmTryCompileExec1423723066 -rdynamic -lpthreads 
/usr/bin/ld: cannot find -lpthreads
collect2: error: ld returned 1 exit status
make[2]: Leaving directory `/home/rock/catkin-ws/src/rososc/teleop_handler/build/CMakeFiles/CMakeTmp'
make[2]: *** [cmTryCompileExec1423723066] Error 1
make[1]: Leaving directory `/home/rock/catkin-ws/src/rososc/teleop_handler/build/CMakeFiles/CMakeTmp'
make[1]: *** [cmTryCompileExec1423723066/fast] Error 2


